# JRE version: Java(TM) SE Runtime Environment (8.0_25-b18) (build 1.8.0_25-b18)
# Java VM: Java HotSpot(TM) 64-Bit Server VM (25.25-b02 mixed mode windows-amd64 compressed oops)
Heap:
 PSYoungGen      total 142336K, used 36792K [0x00000000eab00000, 0x00000000f9f00000, 0x0000000100000000)
  eden space 125952K, 24% used [0x00000000eab00000,0x00000000ec8f8660,0x00000000f2600000)
  from space 16384K, 37% used [0x00000000f2600000,0x00000000f2bf5c98,0x00000000f3600000)
  to   space 24064K, 0% used [0x00000000f8780000,0x00000000f8780000,0x00000000f9f00000)
 ParOldGen       total 44032K, used 44020K [0x00000000c0000000, 0x00000000c2b00000, 0x00000000eab00000)
  object space 44032K, 99% used [0x00000000c0000000,0x00000000c2afd3b8,0x00000000c2b00000)
 Metaspace       used 6472K, capacity 7352K, committed 7552K, reserved 1056768K
  class space    used 618K, capacity 624K, committed 640K, reserved 1048576K
GC Heap History (10 events):
Event: 2.032 GC heap before
{Heap before GC invocations=6 (full 0):
 PSYoungGen      total 35328K, used 35321K [0x00000000eab00000, 0x00000000ef900000, 0x0000000100000000)
  eden space 32768K, 100% used [0x00000000eab00000,0x00000000ecb00000,0x00000000ecb00000)
  from space 2560K, 99% used [0x00000000ecb00000,0x00000000ecd7e660,0x00000000ecd80000)
  to   space 7168K, 0% used [0x00000000ef200000,0x00000000ef200000,0x00000000ef900000)
 ParOldGen       total 44032K, used 13177K [0x00000000c0000000, 0x00000000c2b00000, 0x00000000eab00000)
  object space 44032K, 29% used [0x00000000c0000000,0x00000000c0cde468,0x00000000c2b00000)
 Metaspace       used 5584K, capacity 6832K, committed 7040K, reserved 1056768K
  class space    used 556K, capacity 616K, committed 640K, reserved 1048576K
Event: 2.058 GC heap after
Heap after GC invocations=6 (full 0):
 PSYoungGen      total 71680K, used 7145K [0x00000000eab00000, 0x00000000efb00000, 0x0000000100000000)
  eden space 64512K, 0% used [0x00000000eab00000,0x00000000eab00000,0x00000000eea00000)
  from space 7168K, 99% used [0x00000000ef200000,0x00000000ef8fa670,0x00000000ef900000)
  to   space 8192K, 0% used [0x00000000eea00000,0x00000000eea00000,0x00000000ef200000)
 ParOldGen       total 44032K, used 13342K [0x00000000c0000000, 0x00000000c2b00000, 0x00000000eab00000)
  object space 44032K, 30% used [0x00000000c0000000,0x00000000c0d07858,0x00000000c2b00000)
 Metaspace       used 5584K, capacity 6832K, committed 7040K, reserved 1056768K
  class space    used 556K, capacity 616K, committed 640K, reserved 1048576K
}
Event: 2.747 GC heap before
{Heap before GC invocations=7 (full 0):
 PSYoungGen      total 71680K, used 71657K [0x00000000eab00000, 0x00000000efb00000, 0x0000000100000000)
  eden space 64512K, 100% used [0x00000000eab00000,0x00000000eea00000,0x00000000eea00000)
  from space 7168K, 99% used [0x00000000ef200000,0x00000000ef8fa670,0x00000000ef900000)
  to   space 8192K, 0% used [0x00000000eea00000,0x00000000eea00000,0x00000000ef200000)
 ParOldGen       total 44032K, used 13342K [0x00000000c0000000, 0x00000000c2b00000, 0x00000000eab00000)
  object space 44032K, 30% used [0x00000000c0000000,0x00000000c0d07858,0x00000000c2b00000)
 Metaspace       used 5596K, capacity 6832K, committed 7040K, reserved 1056768K
  class space    used 556K, capacity 616K, committed 640K, reserved 1048576K
Event: 2.800 GC heap after
Heap after GC invocations=7 (full 0):
 PSYoungGen      total 72704K, used 8185K [0x00000000eab00000, 0x00000000f4300000, 0x0000000100000000)
  eden space 64512K, 0% used [0x00000000eab00000,0x00000000eab00000,0x00000000eea00000)
  from space 8192K, 99% used [0x00000000eea00000,0x00000000ef1fe660,0x00000000ef200000)
  to   space 13312K, 0% used [0x00000000f3600000,0x00000000f3600000,0x00000000f4300000)
 ParOldGen       total 44032K, used 21218K [0x00000000c0000000, 0x00000000c2b00000, 0x00000000eab00000)
  object space 44032K, 48% used [0x00000000c0000000,0x00000000c14b8938,0x00000000c2b00000)
 Metaspace       used 5596K, capacity 6832K, committed 7040K, reserved 1056768K
  class space    used 556K, capacity 616K, committed 640K, reserved 1048576K
}
Event: 3.442 GC heap before
{Heap before GC invocations=8 (full 0):
 PSYoungGen      total 72704K, used 72697K [0x00000000eab00000, 0x00000000f4300000, 0x0000000100000000)
  eden space 64512K, 100% used [0x00000000eab00000,0x00000000eea00000,0x00000000eea00000)
  from space 8192K, 99% used [0x00000000eea00000,0x00000000ef1fe660,0x00000000ef200000)
  to   space 13312K, 0% used [0x00000000f3600000,0x00000000f3600000,0x00000000f4300000)
 ParOldGen       total 44032K, used 21218K [0x00000000c0000000, 0x00000000c2b00000, 0x00000000eab00000)
  object space 44032K, 48% used [0x00000000c0000000,0x00000000c14b8938,0x00000000c2b00000)
 Metaspace       used 5653K, capacity 6896K, committed 7040K, reserved 1056768K
  class space    used 556K, capacity 616K, committed 640K, reserved 1048576K
Event: 3.466 GC heap after
Heap after GC invocations=8 (full 0):
 PSYoungGen      total 139264K, used 13306K [0x00000000eab00000, 0x00000000f4900000, 0x0000000100000000)
  eden space 125952K, 0% used [0x00000000eab00000,0x00000000eab00000,0x00000000f2600000)
  from space 13312K, 99% used [0x00000000f3600000,0x00000000f42fe9e0,0x00000000f4300000)
  to   space 16384K, 0% used [0x00000000f2600000,0x00000000f2600000,0x00000000f3600000)
 ParOldGen       total 44032K, used 24182K [0x00000000c0000000, 0x00000000c2b00000, 0x00000000eab00000)
  object space 44032K, 54% used [0x00000000c0000000,0x00000000c179d960,0x00000000c2b00000)
 Metaspace       used 5653K, capacity 6896K, committed 7040K, reserved 1056768K
  class space    used 556K, capacity 616K, committed 640K, reserved 1048576K
}
Event: 4.554 GC heap before
{Heap before GC invocations=9 (full 0):
 PSYoungGen      total 139264K, used 139258K [0x00000000eab00000, 0x00000000f4900000, 0x0000000100000000)
  eden space 125952K, 100% used [0x00000000eab00000,0x00000000f2600000,0x00000000f2600000)
  from space 13312K, 99% used [0x00000000f3600000,0x00000000f42fe9e0,0x00000000f4300000)
  to   space 16384K, 0% used [0x00000000f2600000,0x00000000f2600000,0x00000000f3600000)
 ParOldGen       total 44032K, used 24182K [0x00000000c0000000, 0x00000000c2b00000, 0x00000000eab00000)
  object space 44032K, 54% used [0x00000000c0000000,0x00000000c179d960,0x00000000c2b00000)
 Metaspace       used 5679K, capacity 6896K, committed 7040K, reserved 1056768K
  class space    used 557K, capacity 616K, committed 640K, reserved 1048576K
Event: 4.644 GC heap after
Heap after GC invocations=9 (full 0):
 PSYoungGen      total 142336K, used 16363K [0x00000000eab00000, 0x00000000f9f00000, 0x0000000100000000)
  eden space 125952K, 0% used [0x00000000eab00000,0x00000000eab00000,0x00000000f2600000)
  from space 16384K, 99% used [0x00000000f2600000,0x00000000f35faf70,0x00000000f3600000)
  to   space 24064K, 0% used [0x00000000f8780000,0x00000000f8780000,0x00000000f9f00000)
 ParOldGen       total 44032K, used 36724K [0x00000000c0000000, 0x00000000c2b00000, 0x00000000eab00000)
  object space 44032K, 83% used [0x00000000c0000000,0x00000000c23dd068,0x00000000c2b00000)
 Metaspace       used 5679K, capacity 6896K, committed 7040K, reserved 1056768K
  class space    used 557K, capacity 616K, committed 640K, reserved 1048576K
}
Event: 4.644 GC heap before
{Heap before GC invocations=10 (full 1):
 PSYoungGen      total 142336K, used 16363K [0x00000000eab00000, 0x00000000f9f00000, 0x0000000100000000)
  eden space 125952K, 0% used [0x00000000eab00000,0x00000000eab00000,0x00000000f2600000)
  from space 16384K, 99% used [0x00000000f2600000,0x00000000f35faf70,0x00000000f3600000)
  to   space 24064K, 0% used [0x00000000f8780000,0x00000000f8780000,0x00000000f9f00000)
 ParOldGen       total 44032K, used 36724K [0x00000000c0000000, 0x00000000c2b00000, 0x00000000eab00000)
  object space 44032K, 83% used [0x00000000c0000000,0x00000000c23dd068,0x00000000c2b00000)
 Metaspace       used 5679K, capacity 6896K, committed 7040K, reserved 1056768K
  class space    used 557K, capacity 616K, committed 640K, reserved 1048576K
Event: 5.072 GC heap after
Heap after GC invocations=10 (full 1):
 PSYoungGen      total 142336K, used 6103K [0x00000000eab00000, 0x00000000f9f00000, 0x0000000100000000)
  eden space 125952K, 0% used [0x00000000eab00000,0x00000000eab00000,0x00000000f2600000)
  from space 16384K, 37% used [0x00000000f2600000,0x00000000f2bf5c98,0x00000000f3600000)
  to   space 24064K, 0% used [0x00000000f8780000,0x00000000f8780000,0x00000000f9f00000)
 ParOldGen       total 44032K, used 44020K [0x00000000c0000000, 0x00000000c2b00000, 0x00000000eab00000)
  object space 44032K, 99% used [0x00000000c0000000,0x00000000c2afd3b8,0x00000000c2b00000)
 Metaspace       used 5679K, capacity 6896K, committed 7040K, reserved 1056768K
  class space    used 557K, capacity 616K, committed 640K, reserved 1048576K
}

