# JRE version: Java(TM) SE Runtime Environment (8.0_25-b18) (build 1.8.0_25-b18)
# Java VM: Java HotSpot(TM) 64-Bit Server VM (25.25-b02 mixed mode windows-amd64 compressed oops)
Heap:
 PSYoungGen      total 37376K, used 4590K [0x00000000eb200000, 0x00000000efb00000, 0x0000000100000000)
  eden space 32768K, 0% used [0x00000000eb200000,0x00000000eb200000,0x00000000ed200000)
  from space 4608K, 99% used [0x00000000ef680000,0x00000000efafb840,0x00000000efb00000)
  to   space 2560K, 0% used [0x00000000ed200000,0x00000000ed200000,0x00000000ed480000)
 ParOldGen       total 44032K, used 11021K [0x00000000c1600000, 0x00000000c4100000, 0x00000000eb200000)
  object space 44032K, 25% used [0x00000000c1600000,0x00000000c20c3710,0x00000000c4100000)
 Metaspace       used 18506K, capacity 18932K, committed 19072K, reserved 1067008K
  class space    used 2226K, capacity 2366K, committed 2432K, reserved 1048576K
GC Heap History (10 events):
Event: 1.199 GC heap after
Heap after GC invocations=2 (full 0):
 PSYoungGen      total 18944K, used 2528K [0x00000000eb200000, 0x00000000ec700000, 0x0000000100000000)
  eden space 16384K, 0% used [0x00000000eb200000,0x00000000eb200000,0x00000000ec200000)
  from space 2560K, 98% used [0x00000000ec480000,0x00000000ec6f8068,0x00000000ec700000)
  to   space 2560K, 0% used [0x00000000ec200000,0x00000000ec200000,0x00000000ec480000)
 ParOldGen       total 44032K, used 2745K [0x00000000c1600000, 0x00000000c4100000, 0x00000000eb200000)
  object space 44032K, 6% used [0x00000000c1600000,0x00000000c18ae630,0x00000000c4100000)
 Metaspace       used 10108K, capacity 10442K, committed 10496K, reserved 1058816K
  class space    used 1154K, capacity 1231K, committed 1280K, reserved 1048576K
}
Event: 1.525 GC heap before
{Heap before GC invocations=3 (full 0):
 PSYoungGen      total 18944K, used 18912K [0x00000000eb200000, 0x00000000ec700000, 0x0000000100000000)
  eden space 16384K, 100% used [0x00000000eb200000,0x00000000ec200000,0x00000000ec200000)
  from space 2560K, 98% used [0x00000000ec480000,0x00000000ec6f8068,0x00000000ec700000)
  to   space 2560K, 0% used [0x00000000ec200000,0x00000000ec200000,0x00000000ec480000)
 ParOldGen       total 44032K, used 2745K [0x00000000c1600000, 0x00000000c4100000, 0x00000000eb200000)
  object space 44032K, 6% used [0x00000000c1600000,0x00000000c18ae630,0x00000000c4100000)
 Metaspace       used 11443K, capacity 11942K, committed 12288K, reserved 1060864K
  class space    used 1329K, capacity 1457K, committed 1536K, reserved 1048576K
Event: 1.547 GC heap after
Heap after GC invocations=3 (full 0):
 PSYoungGen      total 18944K, used 2544K [0x00000000eb200000, 0x00000000ed700000, 0x0000000100000000)
  eden space 16384K, 0% used [0x00000000eb200000,0x00000000eb200000,0x00000000ec200000)
  from space 2560K, 99% used [0x00000000ec200000,0x00000000ec47c030,0x00000000ec480000)
  to   space 2560K, 0% used [0x00000000ed480000,0x00000000ed480000,0x00000000ed700000)
 ParOldGen       total 44032K, used 4206K [0x00000000c1600000, 0x00000000c4100000, 0x00000000eb200000)
  object space 44032K, 9% used [0x00000000c1600000,0x00000000c1a1b910,0x00000000c4100000)
 Metaspace       used 11443K, capacity 11942K, committed 12288K, reserved 1060864K
  class space    used 1329K, capacity 1457K, committed 1536K, reserved 1048576K
}
Event: 1.983 GC heap before
{Heap before GC invocations=4 (full 0):
 PSYoungGen      total 18944K, used 18928K [0x00000000eb200000, 0x00000000ed700000, 0x0000000100000000)
  eden space 16384K, 100% used [0x00000000eb200000,0x00000000ec200000,0x00000000ec200000)
  from space 2560K, 99% used [0x00000000ec200000,0x00000000ec47c030,0x00000000ec480000)
  to   space 2560K, 0% used [0x00000000ed480000,0x00000000ed480000,0x00000000ed700000)
 ParOldGen       total 44032K, used 4206K [0x00000000c1600000, 0x00000000c4100000, 0x00000000eb200000)
  object space 44032K, 9% used [0x00000000c1600000,0x00000000c1a1b910,0x00000000c4100000)
 Metaspace       used 12506K, capacity 12996K, committed 13184K, reserved 1060864K
  class space    used 1469K, capacity 1590K, committed 1664K, reserved 1048576K
Event: 1.993 GC heap after
Heap after GC invocations=4 (full 0):
 PSYoungGen      total 35328K, used 2544K [0x00000000eb200000, 0x00000000ed700000, 0x0000000100000000)
  eden space 32768K, 0% used [0x00000000eb200000,0x00000000eb200000,0x00000000ed200000)
  from space 2560K, 99% used [0x00000000ed480000,0x00000000ed6fc010,0x00000000ed700000)
  to   space 2560K, 0% used [0x00000000ed200000,0x00000000ed200000,0x00000000ed480000)
 ParOldGen       total 44032K, used 5546K [0x00000000c1600000, 0x00000000c4100000, 0x00000000eb200000)
  object space 44032K, 12% used [0x00000000c1600000,0x00000000c1b6a888,0x00000000c4100000)
 Metaspace       used 12506K, capacity 12996K, committed 13184K, reserved 1060864K
  class space    used 1469K, capacity 1590K, committed 1664K, reserved 1048576K
}
Event: 3.088 GC heap before
{Heap before GC invocations=5 (full 0):
 PSYoungGen      total 35328K, used 35312K [0x00000000eb200000, 0x00000000ed700000, 0x0000000100000000)
  eden space 32768K, 100% used [0x00000000eb200000,0x00000000ed200000,0x00000000ed200000)
  from space 2560K, 99% used [0x00000000ed480000,0x00000000ed6fc010,0x00000000ed700000)
  to   space 2560K, 0% used [0x00000000ed200000,0x00000000ed200000,0x00000000ed480000)
 ParOldGen       total 44032K, used 5546K [0x00000000c1600000, 0x00000000c4100000, 0x00000000eb200000)
  object space 44032K, 12% used [0x00000000c1600000,0x00000000c1b6a888,0x00000000c4100000)
 Metaspace       used 16004K, capacity 16488K, committed 16768K, reserved 1064960K
  class space    used 1962K, capacity 2108K, committed 2176K, reserved 1048576K
Event: 3.095 GC heap after
Heap after GC invocations=5 (full 0):
 PSYoungGen      total 35328K, used 2544K [0x00000000eb200000, 0x00000000efb00000, 0x0000000100000000)
  eden space 32768K, 0% used [0x00000000eb200000,0x00000000eb200000,0x00000000ed200000)
  from space 2560K, 99% used [0x00000000ed200000,0x00000000ed47c010,0x00000000ed480000)
  to   space 4608K, 0% used [0x00000000ef680000,0x00000000ef680000,0x00000000efb00000)
 ParOldGen       total 44032K, used 7110K [0x00000000c1600000, 0x00000000c4100000, 0x00000000eb200000)
  object space 44032K, 16% used [0x00000000c1600000,0x00000000c1cf1940,0x00000000c4100000)
 Metaspace       used 16004K, capacity 16488K, committed 16768K, reserved 1064960K
  class space    used 1962K, capacity 2108K, committed 2176K, reserved 1048576K
}
Event: 14.766 GC heap before
{Heap before GC invocations=6 (full 0):
 PSYoungGen      total 35328K, used 26571K [0x00000000eb200000, 0x00000000efb00000, 0x0000000100000000)
  eden space 32768K, 73% used [0x00000000eb200000,0x00000000ec976cb0,0x00000000ed200000)
  from space 2560K, 99% used [0x00000000ed200000,0x00000000ed47c010,0x00000000ed480000)
  to   space 4608K, 0% used [0x00000000ef680000,0x00000000ef680000,0x00000000efb00000)
 ParOldGen       total 44032K, used 7110K [0x00000000c1600000, 0x00000000c4100000, 0x00000000eb200000)
  object space 44032K, 16% used [0x00000000c1600000,0x00000000c1cf1940,0x00000000c4100000)
 Metaspace       used 18506K, capacity 18932K, committed 19072K, reserved 1067008K
  class space    used 2226K, capacity 2366K, committed 2432K, reserved 1048576K
Event: 14.807 GC heap after
Heap after GC invocations=6 (full 0):
 PSYoungGen      total 37376K, used 4590K [0x00000000eb200000, 0x00000000efb00000, 0x0000000100000000)
  eden space 32768K, 0% used [0x00000000eb200000,0x00000000eb200000,0x00000000ed200000)
  from space 4608K, 99% used [0x00000000ef680000,0x00000000efafb840,0x00000000efb00000)
  to   space 2560K, 0% used [0x00000000ed200000,0x00000000ed200000,0x00000000ed480000)
 ParOldGen       total 44032K, used 11021K [0x00000000c1600000, 0x00000000c4100000, 0x00000000eb200000)
  object space 44032K, 25% used [0x00000000c1600000,0x00000000c20c3710,0x00000000c4100000)
 Metaspace       used 18506K, capacity 18932K, committed 19072K, reserved 1067008K
  class space    used 2226K, capacity 2366K, committed 2432K, reserved 1048576K
}
Event: 14.807 GC heap before
{Heap before GC invocations=7 (full 1):
 PSYoungGen      total 37376K, used 4590K [0x00000000eb200000, 0x00000000efb00000, 0x0000000100000000)
  eden space 32768K, 0% used [0x00000000eb200000,0x00000000eb200000,0x00000000ed200000)
  from space 4608K, 99% used [0x00000000ef680000,0x00000000efafb840,0x00000000efb00000)
  to   space 2560K, 0% used [0x00000000ed200000,0x00000000ed200000,0x00000000ed480000)
 ParOldGen       total 44032K, used 11021K [0x00000000c1600000, 0x00000000c4100000, 0x00000000eb200000)
  object space 44032K, 25% used [0x00000000c1600000,0x00000000c20c3710,0x00000000c4100000)
 Metaspace       used 18506K, capacity 18932K, committed 19072K, reserved 1067008K
  class space    used 2226K, capacity 2366K, committed 2432K, reserved 1048576K

